*** Aborted at 1778420250 (unix time) try "date -d @1778420250" if you are using GNU date ***
PC: @                0x0 (unknown)
*** SIGSEGV (@0x0) received by PID 2557632 (TID 0x7397afc8a080) from PID 0; stack trace: ***
    @     0x597b76bbfc4e (unknown)
    @     0x7397af642520 (unknown)
    @     0x597b75e68935 (unknown)
    @     0x597b75e6e96e (unknown)
    @     0x597b75e5f06a (unknown)
    @     0x597b75ec9452 (unknown)
    @     0x597b7688621b (unknown)
    @     0x597b7688e438 (unknown)
    @     0x597b7688f743 (unknown)
    @     0x597b76944058 (unknown)
    @     0x597b769524fc (unknown)
    @     0x597b7688a266 (unknown)
    @     0x597b75e4332b (unknown)
    @     0x7397af629d90 (unknown)
    @     0x7397af629e40 __libc_start_main
    @     0x597b75e528d1 (unknown)
*** Aborted at 1778420336 (unix time) try "date -d @1778420336" if you are using GNU date ***
PC: @                0x0 (unknown)
*** SIGABRT (@0x5770a552002728f9) received by PID 2566393 (TID 0x7c278e05f080) from PID 2566393; stack trace: ***
    @     0x5bfd33837c4e (unknown)
    @     0x7c278da42520 (unknown)
    @     0x7c278da969fc pthread_kill
    @     0x7c278da42476 raise
    @     0x7c278da287f3 abort
    @     0x5bfd3347c547 (unknown)
    @     0x5bfd33479819 (unknown)
    @     0x5bfd334796cc (unknown)
    @     0x5bfd334793de (unknown)
    @     0x5bfd33478156 (unknown)
    @     0x5bfd33479142 (unknown)
    @     0x5bfd32a938f5 (unknown)
    @     0x5bfd338664d0 (unknown)
    @     0x5bfd3386818f (unknown)
    @     0x5bfd3382553b (unknown)
    @     0x5bfd3333efcc (unknown)
    @     0x5bfd334fe21b (unknown)
    @     0x5bfd33506438 (unknown)
    @     0x5bfd33507743 (unknown)
    @     0x5bfd335bc058 (unknown)
    @     0x5bfd335ca4fc (unknown)
    @     0x5bfd33502266 (unknown)
    @     0x5bfd32abb32b (unknown)
    @     0x7c278da29d90 (unknown)
    @     0x7c278da29e40 __libc_start_main
    @     0x5bfd32aca8d1 (unknown)
*** Aborted at 1778420354 (unix time) try "date -d @1778420354" if you are using GNU date ***
PC: @                0x0 (unknown)
*** SIGABRT (@0x5770a55200272ed5) received by PID 2567893 (TID 0x722314080080) from PID 2567893; stack trace: ***
    @     0x5fbed85e4c4e (unknown)
    @     0x722313a42520 (unknown)
    @     0x722313a969fc pthread_kill
    @     0x722313a42476 raise
    @     0x722313a287f3 abort
    @     0x5fbed8229547 (unknown)
    @     0x5fbed8226819 (unknown)
    @     0x5fbed82266cc (unknown)
    @     0x5fbed82263de (unknown)
    @     0x5fbed8225156 (unknown)
    @     0x5fbed8226142 (unknown)
    @     0x5fbed78408f5 (unknown)
    @     0x5fbed86134d0 (unknown)
    @     0x5fbed861518f (unknown)
    @     0x5fbed85d253b (unknown)
    @     0x5fbed80ebfcc (unknown)
    @     0x5fbed82ab21b (unknown)
    @     0x5fbed82b3438 (unknown)
    @     0x5fbed82b4743 (unknown)
    @     0x5fbed8369058 (unknown)
    @     0x5fbed83774fc (unknown)
    @     0x5fbed82af266 (unknown)
    @     0x5fbed786832b (unknown)
    @     0x722313a29d90 (unknown)
    @     0x722313a29e40 __libc_start_main
    @     0x5fbed78778d1 (unknown)
